<?xml version="1.0" encoding="UTF-8"?>
<testsuite xmlns:xsi="http://www.w3.org/2001/XMLSchema-instance" xsi:noNamespaceSchemaLocation="https://maven.apache.org/surefire/maven-surefire-plugin/xsd/surefire-test-report.xsd" name="com.shaoshuai.myblog.SpringBootConfigApplicationTests" time="53.581" tests="7" errors="1" skipped="0" failures="0">
  <properties>
[...]
</properties>
  <testcase name="testRedis" classname="com.shaoshuai.myblog.SpringBootConfigApplicationTests" time="2.165">
    <error message="Cannot get Jedis connection; nested exception is redis.clients.jedis.exceptions.JedisConnectionException: Could not get a resource from the pool" type="org.springframework.data.redis.RedisConnectionFailureException">org.springframework.data.redis.RedisConnectionFailureException: Cannot get Jedis connection; nested exception is redis.clients.jedis.exceptions.JedisConnectionException: Could not get a resource from the pool
	at com.shaoshuai.myblog.SpringBootConfigApplicationTests.testRedis(SpringBootConfigApplicationTests.java:77)
Caused by: redis.clients.jedis.exceptions.JedisConnectionException: Could not get a resource from the pool
	at com.shaoshuai.myblog.SpringBootConfigApplicationTests.testRedis(SpringBootConfigApplicationTests.java:77)
Caused by: redis.clients.jedis.exceptions.JedisConnectionException: java.net.ConnectException: Connection refused: connect
	at com.shaoshuai.myblog.SpringBootConfigApplicationTests.testRedis(SpringBootConfigApplicationTests.java:77)
Caused by: java.net.ConnectException: Connection refused: connect
	at com.shaoshuai.myblog.SpringBootConfigApplicationTests.testRedis(SpringBootConfigApplicationTests.java:77)
</error>
    <system-out><![CDATA[
  .   ____          _            __ _ _
 /\\ / ___'_ __ _ _(_)_ __  __ _ \ \ \ \
( ( )\___ | '_ | '_| | '_ \/ _` | \ \ \ \
 \\/  ___)| |_)| | | | | || (_| |  ) ) ) )
  '  |____| .__|_| |_|_| |_\__, | / / / /
 =========|_|==============|___/=/_/_/_/
 :: Spring Boot ::        (v2.0.3.RELEASE)

[15:09:28.502 INFO ] [main] shaoshuai.myblog.SpringBootConfigApplicationTests - Starting SpringBootConfigApplicationTests on DESKTOP-UKRCFHO with PID 6244 (started by 61035 in E:\new-repository\myblog)
[15:09:28.518 INFO ] [main] shaoshuai.myblog.SpringBootConfigApplicationTests - The following profiles are active: dev
[15:09:28.565 INFO ] [main] context.support.GenericWebApplicationContext - Refreshing org.springframework.web.context.support.GenericWebApplicationContext@8c11eee: startup date [Sat Nov 09 15:09:28 CST 2019]; root of context hierarchy
[15:09:29.403 INFO ] [main] repository.config.RepositoryConfigurationDelegate - Multiple Spring Data modules found, entering strict repository configuration mode!
[15:09:29.441 INFO ] [main] repository.config.RepositoryConfigurationDelegate - Multiple Spring Data modules found, entering strict repository configuration mode!
[15:09:30.045 INFO ] [main] context.support.PostProcessorRegistrationDelegate$BeanPostProcessorChecker - Bean 'org.springframework.amqp.rabbit.annotation.RabbitBootstrapConfiguration' of type [org.springframework.amqp.rabbit.annotation.RabbitBootstrapConfiguration$$EnhancerBySpringCGLIB$$69c5d177] is not eligible for getting processed by all BeanPostProcessors (for example: not eligible for auto-proxying)
[15:09:30.186 INFO ] [main] context.support.PostProcessorRegistrationDelegate$BeanPostProcessorChecker - Bean 'shiroConfig' of type [com.shaoshuai.myblog.config.ShiroConfig$$EnhancerBySpringCGLIB$$c745f91f] is not eligible for getting processed by all BeanPostProcessors (for example: not eligible for auto-proxying)
[15:09:30.202 INFO ] [main] context.support.PostProcessorRegistrationDelegate$BeanPostProcessorChecker - Bean 'redisCacheConfig' of type [com.shaoshuai.myblog.config.RedisCacheConfig$$EnhancerBySpringCGLIB$$82afbff9] is not eligible for getting processed by all BeanPostProcessors (for example: not eligible for auto-proxying)
[15:09:30.217 INFO ] [main] context.support.PostProcessorRegistrationDelegate$BeanPostProcessorChecker - Bean 'org.springframework.transaction.annotation.ProxyTransactionManagementConfiguration' of type [org.springframework.transaction.annotation.ProxyTransactionManagementConfiguration$$EnhancerBySpringCGLIB$$a35a1349] is not eligible for getting processed by all BeanPostProcessors (for example: not eligible for auto-proxying)
[15:09:30.264 INFO ] [main] context.support.PostProcessorRegistrationDelegate$BeanPostProcessorChecker - Bean 'keyGenerator' of type [com.shaoshuai.myblog.config.RedisCacheConfig$$Lambda$219/542598487] is not eligible for getting processed by all BeanPostProcessors (for example: not eligible for auto-proxying)
[15:09:30.358 INFO ] [main] context.support.PostProcessorRegistrationDelegate$BeanPostProcessorChecker - Bean 'org.springframework.boot.context.properties.ConversionServiceDeducer$Factory' of type [org.springframework.boot.context.properties.ConversionServiceDeducer$Factory] is not eligible for getting processed by all BeanPostProcessors (for example: not eligible for auto-proxying)
[15:09:30.373 INFO ] [main] context.support.PostProcessorRegistrationDelegate$BeanPostProcessorChecker - Bean 'mybatis-org.mybatis.spring.boot.autoconfigure.MybatisProperties' of type [org.mybatis.spring.boot.autoconfigure.MybatisProperties] is not eligible for getting processed by all BeanPostProcessors (for example: not eligible for auto-proxying)
[15:09:30.389 INFO ] [main] context.support.PostProcessorRegistrationDelegate$BeanPostProcessorChecker - Bean 'mybatisConfig' of type [com.shaoshuai.myblog.config.MybatisConfig$$EnhancerBySpringCGLIB$$d3239a41] is not eligible for getting processed by all BeanPostProcessors (for example: not eligible for auto-proxying)
[15:09:30.405 INFO ] [main] context.support.PostProcessorRegistrationDelegate$BeanPostProcessorChecker - Bean 'configurationCustomizer' of type [com.shaoshuai.myblog.config.MybatisConfig$1] is not eligible for getting processed by all BeanPostProcessors (for example: not eligible for auto-proxying)
[15:09:30.405 INFO ] [main] context.support.PostProcessorRegistrationDelegate$BeanPostProcessorChecker - Bean 'org.mybatis.spring.boot.autoconfigure.MybatisAutoConfiguration' of type [org.mybatis.spring.boot.autoconfigure.MybatisAutoConfiguration$$EnhancerBySpringCGLIB$$d62e6479] is not eligible for getting processed by all BeanPostProcessors (for example: not eligible for auto-proxying)
[15:09:30.420 INFO ] [main] context.support.PostProcessorRegistrationDelegate$BeanPostProcessorChecker - Bean 'druidConfig' of type [com.shaoshuai.myblog.config.DruidConfig$$EnhancerBySpringCGLIB$$1bec5c90] is not eligible for getting processed by all BeanPostProcessors (for example: not eligible for auto-proxying)
[15:09:30.522 INFO ] [main] context.support.PostProcessorRegistrationDelegate$BeanPostProcessorChecker - Bean 'druid' of type [com.alibaba.druid.pool.DruidDataSource] is not eligible for getting processed by all BeanPostProcessors (for example: not eligible for auto-proxying)
[15:09:30.569 INFO ] [main] context.support.PostProcessorRegistrationDelegate$BeanPostProcessorChecker - Bean 'spring.datasource-org.springframework.boot.autoconfigure.jdbc.DataSourceProperties' of type [org.springframework.boot.autoconfigure.jdbc.DataSourceProperties] is not eligible for getting processed by all BeanPostProcessors (for example: not eligible for auto-proxying)
[15:09:30.569 INFO ] [main] context.support.PostProcessorRegistrationDelegate$BeanPostProcessorChecker - Bean 'org.springframework.boot.autoconfigure.jdbc.DataSourceInitializerInvoker' of type [org.springframework.boot.autoconfigure.jdbc.DataSourceInitializerInvoker] is not eligible for getting processed by all BeanPostProcessors (for example: not eligible for auto-proxying)
Logging initialized using 'class org.apache.ibatis.logging.stdout.StdOutImpl' adapter.
[15:09:30.757 INFO ] [main] context.support.PostProcessorRegistrationDelegate$BeanPostProcessorChecker - Bean 'sqlSessionFactory' of type [org.apache.ibatis.session.defaults.DefaultSqlSessionFactory] is not eligible for getting processed by all BeanPostProcessors (for example: not eligible for auto-proxying)
[15:09:30.772 INFO ] [main] context.support.PostProcessorRegistrationDelegate$BeanPostProcessorChecker - Bean 'sqlSessionTemplate' of type [org.mybatis.spring.SqlSessionTemplate] is not eligible for getting processed by all BeanPostProcessors (for example: not eligible for auto-proxying)
[15:09:30.788 INFO ] [main] context.support.PostProcessorRegistrationDelegate$BeanPostProcessorChecker - Bean 'userMapper' of type [org.mybatis.spring.mapper.MapperFactoryBean] is not eligible for getting processed by all BeanPostProcessors (for example: not eligible for auto-proxying)
[15:09:30.788 INFO ] [main] context.support.PostProcessorRegistrationDelegate$BeanPostProcessorChecker - Bean 'userMapper' of type [com.sun.proxy.$Proxy99] is not eligible for getting processed by all BeanPostProcessors (for example: not eligible for auto-proxying)
[15:09:30.788 INFO ] [main] context.support.PostProcessorRegistrationDelegate$BeanPostProcessorChecker - Bean 'userServiceImpl' of type [com.shaoshuai.myblog.service.impl.UserServiceImpl] is not eligible for getting processed by all BeanPostProcessors (for example: not eligible for auto-proxying)
[15:09:30.819 INFO ] [main] context.support.PostProcessorRegistrationDelegate$BeanPostProcessorChecker - Bean 'realm' of type [com.shaoshuai.myblog.realm.UserRealm] is not eligible for getting processed by all BeanPostProcessors (for example: not eligible for auto-proxying)
[15:09:31.273 INFO ] [main] context.support.PostProcessorRegistrationDelegate$BeanPostProcessorChecker - Bean 'manager' of type [org.apache.shiro.web.mgt.DefaultWebSecurityManager] is not eligible for getting processed by all BeanPostProcessors (for example: not eligible for auto-proxying)
[15:09:31.632 INFO ] [main] rabbit.connection.CachingConnectionFactory - Attempting to connect to: [127.0.0.1]
[15:09:31.679 INFO ] [main] rabbit.connection.CachingConnectionFactory - Created new connection: connectionFactory#1220ef43:0/SimpleConnection@1860f3be [delegate=amqp://guest@127.0.0.1:5672/, localPort= 52637]
[15:09:31.836 INFO ] [main] myblog.util.LogUtil - 自定义RedisCacheManager加载完成
[15:09:31.952 INFO ] [main] method.annotation.RequestMappingHandlerMapping - Mapped "{[/toPage/{page}],methods=[GET]}" onto public java.lang.String com.shaoshuai.myblog.action.CommonController.pageJump(java.lang.String)
[15:09:31.952 INFO ] [main] method.annotation.RequestMappingHandlerMapping - Mapped "{[/mul]}" onto public int com.shaoshuai.myblog.action.CommonController.mulParam(int)
[15:09:31.952 INFO ] [main] method.annotation.RequestMappingHandlerMapping - Mapped "{[/],methods=[GET]}" onto public java.lang.String com.shaoshuai.myblog.action.CommonController.indexPage(org.springframework.ui.Model)
[15:09:31.952 INFO ] [main] method.annotation.RequestMappingHandlerMapping - Mapped "{[/404],methods=[GET]}" onto public java.lang.String com.shaoshuai.myblog.action.CommonController.to404()
[15:09:31.952 INFO ] [main] method.annotation.RequestMappingHandlerMapping - Mapped "{[/getTuserById]}" onto public com.shaoshuai.myblog.entity.Tuser com.shaoshuai.myblog.action.HelloAction.getTuserById(java.lang.Integer)
[15:09:31.967 INFO ] [main] method.annotation.RequestMappingHandlerMapping - Mapped "{[/success]}" onto public java.lang.String com.shaoshuai.myblog.action.HelloAction.success()
[15:09:31.967 INFO ] [main] method.annotation.RequestMappingHandlerMapping - Mapped "{[/getUserById]}" onto public java.util.Map com.shaoshuai.myblog.action.HelloAction.getUserById(java.lang.Integer)
[15:09:31.967 INFO ] [main] method.annotation.RequestMappingHandlerMapping - Mapped "{[/home/welcome],methods=[GET]}" onto public java.lang.String com.shaoshuai.myblog.action.HelloAction.homePage()
[15:09:31.967 INFO ] [main] method.annotation.RequestMappingHandlerMapping - Mapped "{[/helloName],methods=[GET]}" onto java.lang.String com.shaoshuai.myblog.action.HelloAction.testHelloName(javax.servlet.http.HttpServletRequest)
[15:09:31.967 INFO ] [main] method.annotation.RequestMappingHandlerMapping - Mapped "{[/sayHello]}" onto public java.lang.String com.shaoshuai.myblog.action.HelloAction.sayHello()
[15:09:31.967 INFO ] [main] method.annotation.RequestMappingHandlerMapping - Mapped "{[/hello]}" onto public java.lang.String com.shaoshuai.myblog.action.HelloAction.helloWorld(java.lang.String)
[15:09:31.967 INFO ] [main] method.annotation.RequestMappingHandlerMapping - Mapped "{[/device]}" onto public java.lang.String com.shaoshuai.myblog.action.HelloAction.detectDevice(javax.servlet.http.HttpServletRequest,javax.servlet.http.HttpServletResponse)
[15:09:31.967 INFO ] [main] method.annotation.RequestMappingHandlerMapping - Mapped "{[/getJwtToken]}" onto public java.lang.String com.shaoshuai.myblog.action.HelloAction.getJwtToken()
[15:09:31.983 INFO ] [main] method.annotation.RequestMappingHandlerMapping - Mapped "{[/error-404]}" onto public java.lang.String com.shaoshuai.myblog.action.MyErrorPageController.toPage404()
[15:09:31.983 INFO ] [main] method.annotation.RequestMappingHandlerMapping - Mapped "{[/error-500]}" onto public java.lang.String com.shaoshuai.myblog.action.MyErrorPageController.toPage500()
[15:09:31.983 INFO ] [main] method.annotation.RequestMappingHandlerMapping - Mapped "{[/error-400]}" onto public java.lang.String com.shaoshuai.myblog.action.MyErrorPageController.toPage400()
[15:09:31.983 INFO ] [main] method.annotation.RequestMappingHandlerMapping - Mapped "{[/resouces/a],methods=[GET]}" onto public java.lang.String com.shaoshuai.myblog.action.Resouces.resA()
[15:09:31.998 INFO ] [main] method.annotation.RequestMappingHandlerMapping - Mapped "{[/resouces/b],methods=[GET]}" onto public java.lang.String com.shaoshuai.myblog.action.Resouces.resB()
[15:09:31.998 INFO ] [main] method.annotation.RequestMappingHandlerMapping - Mapped "{[/resouces/haveNoPer],methods=[GET]}" onto public java.lang.String com.shaoshuai.myblog.action.Resouces.haveNoPer()
[15:09:31.998 INFO ] [main] method.annotation.RequestMappingHandlerMapping - Mapped "{[/upload],methods=[GET]}" onto public java.lang.String com.shaoshuai.myblog.action.UploadController.fileUp()
[15:09:31.998 INFO ] [main] method.annotation.RequestMappingHandlerMapping - Mapped "{[/upload],methods=[POST]}" onto public com.shaoshuai.myblog.entity.InfoMsg com.shaoshuai.myblog.action.UploadController.fileUpload(org.springframework.web.multipart.MultipartFile)
[15:09:31.998 INFO ] [main] method.annotation.RequestMappingHandlerMapping - Mapped "{[/userRegister],methods=[POST]}" onto public java.lang.String com.shaoshuai.myblog.action.UserController.userRegister(com.shaoshuai.myblog.entity.User,org.springframework.ui.Model)
[15:09:31.998 INFO ] [main] method.annotation.RequestMappingHandlerMapping - Mapped "{[/userLogin],methods=[POST]}" onto public java.lang.String com.shaoshuai.myblog.action.UserController.userLogin(com.shaoshuai.myblog.entity.User,org.springframework.ui.Model)
[15:09:32.014 INFO ] [main] method.annotation.RequestMappingHandlerMapping - Mapped "{[/error]}" onto public org.springframework.http.ResponseEntity<java.util.Map<java.lang.String, java.lang.Object>> org.springframework.boot.autoconfigure.web.servlet.error.BasicErrorController.error(javax.servlet.http.HttpServletRequest)
[15:09:32.030 INFO ] [main] method.annotation.RequestMappingHandlerMapping - Mapped "{[/error],produces=[text/html]}" onto public org.springframework.web.servlet.ModelAndView org.springframework.boot.autoconfigure.web.servlet.error.BasicErrorController.errorHtml(javax.servlet.http.HttpServletRequest,javax.servlet.http.HttpServletResponse)
[15:09:32.093 INFO ] [main] servlet.handler.SimpleUrlHandlerMapping - Mapped URL path [/**] onto handler of type [class org.springframework.web.servlet.resource.ResourceHttpRequestHandler]
[15:09:32.328 INFO ] [main] method.annotation.RequestMappingHandlerAdapter - Looking for @ControllerAdvice: org.springframework.web.context.support.GenericWebApplicationContext@8c11eee: startup date [Sat Nov 09 15:09:28 CST 2019]; root of context hierarchy
[15:09:32.390 INFO ] [main] method.annotation.ExceptionHandlerExceptionResolver - Detected @ExceptionHandler methods in globalExceptionHandler
[15:09:33.346 INFO ] [main] elasticsearch.plugins.PluginsService - no modules loaded
[15:09:33.346 INFO ] [main] elasticsearch.plugins.PluginsService - loaded plugin [org.elasticsearch.index.reindex.ReindexPlugin]
[15:09:33.346 INFO ] [main] elasticsearch.plugins.PluginsService - loaded plugin [org.elasticsearch.join.ParentJoinPlugin]
[15:09:33.346 INFO ] [main] elasticsearch.plugins.PluginsService - loaded plugin [org.elasticsearch.percolator.PercolatorPlugin]
[15:09:33.346 INFO ] [main] elasticsearch.plugins.PluginsService - loaded plugin [org.elasticsearch.script.mustache.MustachePlugin]
[15:09:33.346 INFO ] [main] elasticsearch.plugins.PluginsService - loaded plugin [org.elasticsearch.transport.Netty4Plugin]
[15:09:34.409 INFO ] [main] util.internal.PlatformDependent - Your platform does not provide complete low-level API for accessing direct buffers reliably. Unless explicitly requested, heap buffer will always be preferred to avoid potential system instability.
[15:09:34.760 INFO ] [main] elasticsearch.client.TransportClientFactoryBean - adding transport node : 192.168.31.224:9300
[15:09:56.848 INFO ] [main] context.support.DefaultLifecycleProcessor - Starting beans in phase 2147483647
[15:09:56.848 INFO ] [main] scheduling.annotation.ScheduledAnnotationBeanPostProcessor - No TaskScheduler/ScheduledExecutorService bean found for scheduled processing
[15:09:56.864 INFO ] [main] shaoshuai.myblog.SpringBootConfigApplicationTests - Started SpringBootConfigApplicationTests in 28.737 seconds (JVM running for 29.736)
]]></system-out>
  </testcase>
  <testcase name="contextLoads2" classname="com.shaoshuai.myblog.SpringBootConfigApplicationTests" time="0.57"/>
  <testcase name="testRabbitMq" classname="com.shaoshuai.myblog.SpringBootConfigApplicationTests" time="0.031"/>
  <testcase name="receive" classname="com.shaoshuai.myblog.SpringBootConfigApplicationTests" time="0.016"/>
  <testcase name="sendMail" classname="com.shaoshuai.myblog.SpringBootConfigApplicationTests" time="21.38"/>
  <testcase name="testLog4j2" classname="com.shaoshuai.myblog.SpringBootConfigApplicationTests" time="0"/>
  <testcase name="sendMsg" classname="com.shaoshuai.myblog.SpringBootConfigApplicationTests" time="0.016"/>
</testsuite>