<?xml version="1.0" encoding="UTF-8"?>
<testsuite xmlns:xsi="http://www.w3.org/2001/XMLSchema-instance" xsi:noNamespaceSchemaLocation="https://maven.apache.org/surefire/maven-surefire-plugin/xsd/surefire-test-report.xsd" name="com.shaoshuai.myblog.SpringBootConfigApplicationTests" time="57.116" tests="7" errors="0" skipped="0" failures="0">
  <properties>
[...]
</properties>
  <testcase name="testRedis" classname="com.shaoshuai.myblog.SpringBootConfigApplicationTests" time="1.4"/>
  <testcase name="contextLoads2" classname="com.shaoshuai.myblog.SpringBootConfigApplicationTests" time="0.005"/>
  <testcase name="testRabbitMq" classname="com.shaoshuai.myblog.SpringBootConfigApplicationTests" time="0.02"/>
  <testcase name="receive" classname="com.shaoshuai.myblog.SpringBootConfigApplicationTests" time="0.06"/>
  <testcase name="sendMail" classname="com.shaoshuai.myblog.SpringBootConfigApplicationTests" time="25.956"/>
  <testcase name="testLog4j2" classname="com.shaoshuai.myblog.SpringBootConfigApplicationTests" time="0"/>
  <testcase name="sendMsg" classname="com.shaoshuai.myblog.SpringBootConfigApplicationTests" time="0"/>
</testsuite>